2015-08-31 23:38:21 Warning: DebugKit not enabled. You need to either install pdo_sqlite, or define the "debug_kit" connection name.
2015-08-31 23:43:56 Warning: DebugKit not enabled. You need to either install pdo_sqlite, or define the "debug_kit" connection name.
2015-09-01 00:31:01 Warning: DebugKit not enabled. You need to either install pdo_sqlite, or define the "debug_kit" connection name.
2015-09-01 00:37:14 Warning: DebugKit not enabled. You need to either install pdo_sqlite, or define the "debug_kit" connection name.
2015-09-01 15:46:57 Warning: DebugKit not enabled. You need to either install pdo_sqlite, or define the "debug_kit" connection name.
2015-09-01 16:54:33 Warning: DebugKit not enabled. You need to either install pdo_sqlite, or define the "debug_kit" connection name.
2015-09-01 17:30:43 Warning: DebugKit not enabled. You need to either install pdo_sqlite, or define the "debug_kit" connection name.
2015-09-01 17:30:43 Warning: DebugKit not enabled. You need to either install pdo_sqlite, or define the "debug_kit" connection name.
2015-09-01 17:30:49 Warning: DebugKit not enabled. You need to either install pdo_sqlite, or define the "debug_kit" connection name.
2015-09-01 17:30:49 Error: [Cake\Routing\Exception\MissingControllerException] Controller class Users could not be found.
Exception Attributes: array (
  'class' => 'Users',
  'plugin' => NULL,
  'prefix' => NULL,
  '_ext' => NULL,
)
Request URL: /kiwi/users
Stack Trace:
#0 /var/www/html/kiwi/webroot/index.php(37): Cake\Routing\Dispatcher->dispatch(Object(Cake\Network\Request), Object(Cake\Network\Response))
#1 {main}


2015-09-01 17:30:52 Warning: DebugKit not enabled. You need to either install pdo_sqlite, or define the "debug_kit" connection name.
2015-09-01 17:57:28 Warning: DebugKit not enabled. You need to either install pdo_sqlite, or define the "debug_kit" connection name.
2015-09-01 17:57:28 Error: Fatal Error (4): syntax error, unexpected ')' in [/var/www/html/kiwi/src/Controller/UsersController.php, line 17]
Trace:
Cake\Error\BaseErrorHandler::handleFatalError() - CORE/src/Error/BaseErrorHandler.php, line 192
Cake\Error\BaseErrorHandler::Cake\Error\{closure}() - CORE/src/Error/BaseErrorHandler.php, line 91
[main] - [internal], line ??



2015-09-01 17:57:28 Error: [Cake\Error\FatalErrorException] syntax error, unexpected ')'
Request URL: /kiwi/users
Stack Trace:
#0 /var/www/html/kiwi/vendor/cakephp/cakephp/src/Error/BaseErrorHandler.php(91): Cake\Error\BaseErrorHandler->handleFatalError(4, 'syntax error, u...', '/var/www/html/k...', 17)
#1 [internal function]: Cake\Error\BaseErrorHandler->Cake\Error\{closure}()
#2 {main}


2015-09-01 17:58:20 Warning: DebugKit not enabled. You need to either install pdo_sqlite, or define the "debug_kit" connection name.
2015-09-01 17:58:20 Error: [Cake\Routing\Exception\MissingControllerException] Controller class View could not be found.
Exception Attributes: array (
  'class' => 'View',
  'plugin' => NULL,
  'prefix' => NULL,
  '_ext' => NULL,
)
Request URL: /kiwi/view
Stack Trace:
#0 /var/www/html/kiwi/webroot/index.php(37): Cake\Routing\Dispatcher->dispatch(Object(Cake\Network\Request), Object(Cake\Network\Response))
#1 {main}


2015-09-01 17:58:27 Warning: DebugKit not enabled. You need to either install pdo_sqlite, or define the "debug_kit" connection name.
2015-09-01 17:58:27 Error: [Cake\Routing\Exception\MissingControllerException] Controller class View could not be found.
Exception Attributes: array (
  'class' => 'View',
  'plugin' => NULL,
  'prefix' => NULL,
  '_ext' => NULL,
)
Request URL: /kiwi/view/users
Stack Trace:
#0 /var/www/html/kiwi/webroot/index.php(37): Cake\Routing\Dispatcher->dispatch(Object(Cake\Network\Request), Object(Cake\Network\Response))
#1 {main}


2015-09-01 17:59:19 Warning: DebugKit not enabled. You need to either install pdo_sqlite, or define the "debug_kit" connection name.
2015-09-01 18:07:02 Warning: DebugKit not enabled. You need to either install pdo_sqlite, or define the "debug_kit" connection name.
2015-09-01 18:07:10 Warning: DebugKit not enabled. You need to either install pdo_sqlite, or define the "debug_kit" connection name.
2015-09-01 18:07:10 Error: Fatal Error (4): syntax error, unexpected ')' in [/var/www/html/kiwi/src/Controller/UsersController.php, line 17]
Trace:
Cake\Error\BaseErrorHandler::handleFatalError() - CORE/src/Error/BaseErrorHandler.php, line 192
Cake\Error\BaseErrorHandler::Cake\Error\{closure}() - CORE/src/Error/BaseErrorHandler.php, line 91
[main] - [internal], line ??



2015-09-01 18:07:10 Error: [Cake\Error\FatalErrorException] syntax error, unexpected ')'
Request URL: /kiwi/users
Stack Trace:
#0 /var/www/html/kiwi/vendor/cakephp/cakephp/src/Error/BaseErrorHandler.php(91): Cake\Error\BaseErrorHandler->handleFatalError(4, 'syntax error, u...', '/var/www/html/k...', 17)
#1 [internal function]: Cake\Error\BaseErrorHandler->Cake\Error\{closure}()
#2 {main}


2015-09-01 18:09:28 Warning: DebugKit not enabled. You need to either install pdo_sqlite, or define the "debug_kit" connection name.
2015-09-01 18:09:28 Error: [Cake\Routing\Exception\MissingControllerException] Controller class Initialize could not be found.
Exception Attributes: array (
  'class' => 'Initialize',
  'plugin' => NULL,
  'prefix' => NULL,
  '_ext' => NULL,
)
Request URL: /kiwi/initialize
Stack Trace:
#0 /var/www/html/kiwi/webroot/index.php(37): Cake\Routing\Dispatcher->dispatch(Object(Cake\Network\Request), Object(Cake\Network\Response))
#1 {main}


2015-09-01 18:10:50 Warning: DebugKit not enabled. You need to either install pdo_sqlite, or define the "debug_kit" connection name.
2015-09-01 18:10:50 Warning: DebugKit not enabled. You need to either install pdo_sqlite, or define the "debug_kit" connection name.
2015-09-01 18:11:04 Warning: DebugKit not enabled. You need to either install pdo_sqlite, or define the "debug_kit" connection name.
2015-09-01 18:11:04 Error: [Cake\View\Exception\MissingTemplateException] Template file "Pages/display.ctp" is missing.
Exception Attributes: array (
  'file' => 'Pages/display.ctp',
)
Request URL: /kiwi/pages/display
Stack Trace:
#0 /var/www/html/kiwi/vendor/cakephp/cakephp/src/View/View.php(577): Cake\View\View->_getViewFileName('display')
#1 /var/www/html/kiwi/vendor/cakephp/cakephp/src/Controller/Controller.php(598): Cake\View\View->render('display', NULL)
#2 /var/www/html/kiwi/src/Controller/PagesController.php(57): Cake\Controller\Controller->render('display')
#3 [internal function]: App\Controller\PagesController->display('display')
#4 /var/www/html/kiwi/vendor/cakephp/cakephp/src/Controller/Controller.php(416): call_user_func_array(Array, Array)
#5 /var/www/html/kiwi/vendor/cakephp/cakephp/src/Routing/Dispatcher.php(114): Cake\Controller\Controller->invokeAction()
#6 /var/www/html/kiwi/vendor/cakephp/cakephp/src/Routing/Dispatcher.php(87): Cake\Routing\Dispatcher->_invoke(Object(App\Controller\PagesController))
#7 /var/www/html/kiwi/webroot/index.php(37): Cake\Routing\Dispatcher->dispatch(Object(Cake\Network\Request), Object(Cake\Network\Response))
#8 {main}


2015-09-01 18:12:56 Warning: DebugKit not enabled. You need to either install pdo_sqlite, or define the "debug_kit" connection name.
2015-09-01 18:12:56 Error: Fatal Error (4): syntax error, unexpected ')' in [/var/www/html/kiwi/src/Controller/UsersController.php, line 17]
Trace:
Cake\Error\BaseErrorHandler::handleFatalError() - CORE/src/Error/BaseErrorHandler.php, line 192
Cake\Error\BaseErrorHandler::Cake\Error\{closure}() - CORE/src/Error/BaseErrorHandler.php, line 91
[main] - [internal], line ??



2015-09-01 18:12:56 Error: [Cake\Error\FatalErrorException] syntax error, unexpected ')'
Request URL: /kiwi/users
Stack Trace:
#0 /var/www/html/kiwi/vendor/cakephp/cakephp/src/Error/BaseErrorHandler.php(91): Cake\Error\BaseErrorHandler->handleFatalError(4, 'syntax error, u...', '/var/www/html/k...', 17)
#1 [internal function]: Cake\Error\BaseErrorHandler->Cake\Error\{closure}()
#2 {main}


2015-09-01 18:13:11 Warning: DebugKit not enabled. You need to either install pdo_sqlite, or define the "debug_kit" connection name.
2015-09-01 18:13:11 Error: Fatal Error (1): Class 'AppController' not found in [/var/www/html/kiwi/src/Controller/UsersController.php, line 4]
Trace:
Cake\Error\BaseErrorHandler::handleFatalError() - CORE/src/Error/BaseErrorHandler.php, line 192
Cake\Error\BaseErrorHandler::Cake\Error\{closure}() - CORE/src/Error/BaseErrorHandler.php, line 91
[main] - [internal], line ??



2015-09-01 18:13:11 Error: [Cake\Error\FatalErrorException] Class 'AppController' not found
Request URL: /kiwi/users
Stack Trace:
#0 /var/www/html/kiwi/vendor/cakephp/cakephp/src/Error/BaseErrorHandler.php(91): Cake\Error\BaseErrorHandler->handleFatalError(1, 'Class 'AppContr...', '/var/www/html/k...', 4)
#1 [internal function]: Cake\Error\BaseErrorHandler->Cake\Error\{closure}()
#2 {main}


2015-09-01 18:13:40 Warning: DebugKit not enabled. You need to either install pdo_sqlite, or define the "debug_kit" connection name.
2015-09-01 18:13:40 Error: [Cake\Controller\Exception\MissingActionException] Action UsersController::index() could not be found, or is not accessible.
Exception Attributes: array (
  'controller' => 'UsersController',
  'action' => 'index',
  'prefix' => '',
  'plugin' => NULL,
)
Request URL: /kiwi/users
Stack Trace:
#0 /var/www/html/kiwi/vendor/cakephp/cakephp/src/Routing/Dispatcher.php(114): Cake\Controller\Controller->invokeAction()
#1 /var/www/html/kiwi/vendor/cakephp/cakephp/src/Routing/Dispatcher.php(87): Cake\Routing\Dispatcher->_invoke(Object(App\Controller\UsersController))
#2 /var/www/html/kiwi/webroot/index.php(37): Cake\Routing\Dispatcher->dispatch(Object(Cake\Network\Request), Object(Cake\Network\Response))
#3 {main}


2015-09-01 18:13:53 Warning: DebugKit not enabled. You need to either install pdo_sqlite, or define the "debug_kit" connection name.
2015-09-01 18:13:53 Error: [Cake\View\Exception\MissingTemplateException] Template file "Users/login.ctp" is missing.
Exception Attributes: array (
  'file' => 'Users/login.ctp',
)
Request URL: /kiwi/users/login
Stack Trace:
#0 /var/www/html/kiwi/vendor/cakephp/cakephp/src/View/View.php(577): Cake\View\View->_getViewFileName(NULL)
#1 /var/www/html/kiwi/vendor/cakephp/cakephp/src/Controller/Controller.php(598): Cake\View\View->render(NULL, NULL)
#2 /var/www/html/kiwi/src/Controller/UsersController.php(15): Cake\Controller\Controller->render()
#3 [internal function]: App\Controller\UsersController->login()
#4 /var/www/html/kiwi/vendor/cakephp/cakephp/src/Controller/Controller.php(416): call_user_func_array(Array, Array)
#5 /var/www/html/kiwi/vendor/cakephp/cakephp/src/Routing/Dispatcher.php(114): Cake\Controller\Controller->invokeAction()
#6 /var/www/html/kiwi/vendor/cakephp/cakephp/src/Routing/Dispatcher.php(87): Cake\Routing\Dispatcher->_invoke(Object(App\Controller\UsersController))
#7 /var/www/html/kiwi/webroot/index.php(37): Cake\Routing\Dispatcher->dispatch(Object(Cake\Network\Request), Object(Cake\Network\Response))
#8 {main}


2015-09-01 18:14:40 Warning: DebugKit not enabled. You need to either install pdo_sqlite, or define the "debug_kit" connection name.
2015-09-01 18:15:32 Warning: DebugKit not enabled. You need to either install pdo_sqlite, or define the "debug_kit" connection name.
2015-09-01 18:15:32 Error: [Cake\View\Exception\MissingTemplateException] Template file "Users/login.ctp" is missing.
Exception Attributes: array (
  'file' => 'Users/login.ctp',
)
Request URL: /kiwi/users/login
Stack Trace:
#0 /var/www/html/kiwi/vendor/cakephp/cakephp/src/View/View.php(577): Cake\View\View->_getViewFileName(NULL)
#1 /var/www/html/kiwi/vendor/cakephp/cakephp/src/Controller/Controller.php(598): Cake\View\View->render(NULL, NULL)
#2 /var/www/html/kiwi/src/Controller/UsersController.php(15): Cake\Controller\Controller->render()
#3 [internal function]: App\Controller\UsersController->login()
#4 /var/www/html/kiwi/vendor/cakephp/cakephp/src/Controller/Controller.php(416): call_user_func_array(Array, Array)
#5 /var/www/html/kiwi/vendor/cakephp/cakephp/src/Routing/Dispatcher.php(114): Cake\Controller\Controller->invokeAction()
#6 /var/www/html/kiwi/vendor/cakephp/cakephp/src/Routing/Dispatcher.php(87): Cake\Routing\Dispatcher->_invoke(Object(App\Controller\UsersController))
#7 /var/www/html/kiwi/webroot/index.php(37): Cake\Routing\Dispatcher->dispatch(Object(Cake\Network\Request), Object(Cake\Network\Response))
#8 {main}


2015-09-01 18:16:58 Warning: DebugKit not enabled. You need to either install pdo_sqlite, or define the "debug_kit" connection name.
2015-09-01 18:22:22 Warning: DebugKit not enabled. You need to either install pdo_sqlite, or define the "debug_kit" connection name.
2015-09-01 18:24:15 Warning: DebugKit not enabled. You need to either install pdo_sqlite, or define the "debug_kit" connection name.
2015-09-01 18:24:15 Error: [Cake\Controller\Exception\MissingActionException] Action UsersController::index() could not be found, or is not accessible.
Exception Attributes: array (
  'controller' => 'UsersController',
  'action' => 'index',
  'prefix' => '',
  'plugin' => NULL,
)
Request URL: /kiwi/users
Stack Trace:
#0 /var/www/html/kiwi/vendor/cakephp/cakephp/src/Routing/Dispatcher.php(114): Cake\Controller\Controller->invokeAction()
#1 /var/www/html/kiwi/vendor/cakephp/cakephp/src/Routing/Dispatcher.php(87): Cake\Routing\Dispatcher->_invoke(Object(App\Controller\UsersController))
#2 /var/www/html/kiwi/webroot/index.php(37): Cake\Routing\Dispatcher->dispatch(Object(Cake\Network\Request), Object(Cake\Network\Response))
#3 {main}


2015-09-01 18:24:20 Warning: DebugKit not enabled. You need to either install pdo_sqlite, or define the "debug_kit" connection name.
